Started GET "/" for ::1 at 2020-09-07 17:48:34 -0500
  [1m[35m (1.5ms)[0m  [1m[34mSELECT sqlite_version(*)[0m
Processing by WelcomeController#index as HTML
  Rendering welcome/index.html.erb within layouts/application
  Rendered welcome/index.html.erb within layouts/application (Duration: 1.4ms | Allocations: 366)
[Webpacker] Compiling...
[Webpacker] Compiled all packs in /Users/petersmith/github/RailsBlog/public/packs
[Webpacker] Hash: 15d1bb7b54cf6326b9ba
Version: webpack 4.44.1
Time: 1358ms
Built at: 09/07/2020 5:48:37 PM
                                     Asset       Size       Chunks                         Chunk Names
    js/application-9afcbb5693aa87623e69.js    124 KiB  application  [emitted] [immutable]  application
js/application-9afcbb5693aa87623e69.js.map    139 KiB  application  [emitted] [dev]        application
                             manifest.json  364 bytes               [emitted]              
Entrypoint application = js/application-9afcbb5693aa87623e69.js js/application-9afcbb5693aa87623e69.js.map
[./app/javascript/channels sync recursive _channel\.js$] ./app/javascript/channels sync _channel\.js$ 160 bytes {application} [built]
[./app/javascript/channels/index.js] 211 bytes {application} [built]
[./app/javascript/packs/application.js] 749 bytes {application} [built]
[./node_modules/webpack/buildin/module.js] (webpack)/buildin/module.js 552 bytes {application} [built]
    + 3 hidden modules

Completed 200 OK in 2561ms (Views: 2554.8ms | ActiveRecord: 0.0ms | Allocations: 20390)


Started GET "/" for ::1 at 2020-09-07 17:49:04 -0500
  [1m[35m (0.4ms)[0m  [1m[34mSELECT sqlite_version(*)[0m
Processing by WelcomeController#index as HTML
  Rendering welcome/index.html.erb within layouts/application
  Rendered welcome/index.html.erb within layouts/application (Duration: 0.5ms | Allocations: 210)
[Webpacker] Everything's up-to-date. Nothing to do
Completed 200 OK in 15ms (Views: 10.1ms | ActiveRecord: 0.0ms | Allocations: 7756)


Started GET "/" for ::1 at 2020-09-07 17:50:25 -0500
  [1m[35m (0.3ms)[0m  [1m[34mSELECT sqlite_version(*)[0m
Processing by WelcomeController#index as HTML
  Rendering welcome/index.html.erb within layouts/application
  Rendered welcome/index.html.erb within layouts/application (Duration: 0.6ms | Allocations: 209)
[Webpacker] Everything's up-to-date. Nothing to do
Completed 200 OK in 18ms (Views: 13.4ms | ActiveRecord: 0.0ms | Allocations: 8102)


Started GET "/articles/new" for ::1 at 2020-09-07 17:58:11 -0500
  [1m[35m (0.5ms)[0m  [1m[34mSELECT sqlite_version(*)[0m
Processing by ArticlesController#new as HTML
  Rendering articles/new.html.erb within layouts/application
  Rendered articles/new.html.erb within layouts/application (Duration: 0.9ms | Allocations: 201)
[Webpacker] Everything's up-to-date. Nothing to do
Completed 200 OK in 44ms (Views: 40.0ms | ActiveRecord: 0.0ms | Allocations: 20213)


Started GET "/articles/" for ::1 at 2020-09-07 17:58:18 -0500
  
AbstractController::ActionNotFound (The action 'index' could not be found for ArticlesController):
  
actionpack (6.0.3.2) lib/abstract_controller/base.rb:131:in `process'
actionview (6.0.3.2) lib/action_view/rendering.rb:39:in `process'
actionpack (6.0.3.2) lib/action_controller/metal.rb:190:in `dispatch'
actionpack (6.0.3.2) lib/action_controller/metal.rb:254:in `dispatch'
actionpack (6.0.3.2) lib/action_dispatch/routing/route_set.rb:50:in `dispatch'
actionpack (6.0.3.2) lib/action_dispatch/routing/route_set.rb:33:in `serve'
actionpack (6.0.3.2) lib/action_dispatch/journey/router.rb:49:in `block in serve'
actionpack (6.0.3.2) lib/action_dispatch/journey/router.rb:32:in `each'
actionpack (6.0.3.2) lib/action_dispatch/journey/router.rb:32:in `serve'
actionpack (6.0.3.2) lib/action_dispatch/routing/route_set.rb:834:in `call'
rack (2.2.3) lib/rack/tempfile_reaper.rb:15:in `call'
rack (2.2.3) lib/rack/etag.rb:27:in `call'
rack (2.2.3) lib/rack/conditional_get.rb:27:in `call'
rack (2.2.3) lib/rack/head.rb:12:in `call'
actionpack (6.0.3.2) lib/action_dispatch/http/content_security_policy.rb:18:in `call'
rack (2.2.3) lib/rack/session/abstract/id.rb:266:in `context'
rack (2.2.3) lib/rack/session/abstract/id.rb:260:in `call'
actionpack (6.0.3.2) lib/action_dispatch/middleware/cookies.rb:648:in `call'
activerecord (6.0.3.2) lib/active_record/migration.rb:567:in `call'
actionpack (6.0.3.2) lib/action_dispatch/middleware/callbacks.rb:27:in `block in call'
activesupport (6.0.3.2) lib/active_support/callbacks.rb:101:in `run_callbacks'
actionpack (6.0.3.2) lib/action_dispatch/middleware/callbacks.rb:26:in `call'
actionpack (6.0.3.2) lib/action_dispatch/middleware/executor.rb:14:in `call'
actionpack (6.0.3.2) lib/action_dispatch/middleware/actionable_exceptions.rb:17:in `call'
actionpack (6.0.3.2) lib/action_dispatch/middleware/debug_exceptions.rb:32:in `call'
web-console (4.0.4) lib/web_console/middleware.rb:132:in `call_app'
web-console (4.0.4) lib/web_console/middleware.rb:28:in `block in call'
web-console (4.0.4) lib/web_console/middleware.rb:17:in `catch'
web-console (4.0.4) lib/web_console/middleware.rb:17:in `call'
actionpack (6.0.3.2) lib/action_dispatch/middleware/show_exceptions.rb:33:in `call'
railties (6.0.3.2) lib/rails/rack/logger.rb:37:in `call_app'
railties (6.0.3.2) lib/rails/rack/logger.rb:26:in `block in call'
activesupport (6.0.3.2) lib/active_support/tagged_logging.rb:80:in `block in tagged'
activesupport (6.0.3.2) lib/active_support/tagged_logging.rb:28:in `tagged'
activesupport (6.0.3.2) lib/active_support/tagged_logging.rb:80:in `tagged'
railties (6.0.3.2) lib/rails/rack/logger.rb:26:in `call'
sprockets-rails (3.2.1) lib/sprockets/rails/quiet_assets.rb:13:in `call'
actionpack (6.0.3.2) lib/action_dispatch/middleware/remote_ip.rb:81:in `call'
actionpack (6.0.3.2) lib/action_dispatch/middleware/request_id.rb:27:in `call'
rack (2.2.3) lib/rack/method_override.rb:24:in `call'
rack (2.2.3) lib/rack/runtime.rb:22:in `call'
activesupport (6.0.3.2) lib/active_support/cache/strategy/local_cache_middleware.rb:29:in `call'
actionpack (6.0.3.2) lib/action_dispatch/middleware/executor.rb:14:in `call'
actionpack (6.0.3.2) lib/action_dispatch/middleware/static.rb:126:in `call'
rack (2.2.3) lib/rack/sendfile.rb:110:in `call'
actionpack (6.0.3.2) lib/action_dispatch/middleware/host_authorization.rb:82:in `call'
webpacker (4.3.0) lib/webpacker/dev_server_proxy.rb:23:in `perform_request'
rack-proxy (0.6.5) lib/rack/proxy.rb:57:in `call'
railties (6.0.3.2) lib/rails/engine.rb:527:in `call'
puma (4.3.6) lib/puma/configuration.rb:228:in `call'
puma (4.3.6) lib/puma/server.rb:713:in `handle_request'
puma (4.3.6) lib/puma/server.rb:472:in `process_client'
puma (4.3.6) lib/puma/server.rb:328:in `block in run'
puma (4.3.6) lib/puma/thread_pool.rb:134:in `block in spawn_thread'
Started GET "/" for ::1 at 2020-09-07 17:58:22 -0500
Processing by WelcomeController#index as HTML
  Rendering welcome/index.html.erb within layouts/application
  Rendered welcome/index.html.erb within layouts/application (Duration: 0.2ms | Allocations: 96)
[Webpacker] Everything's up-to-date. Nothing to do
Completed 200 OK in 7ms (Views: 5.9ms | ActiveRecord: 0.0ms | Allocations: 4642)


Started GET "/articles/new" for ::1 at 2020-09-07 18:01:11 -0500
Processing by ArticlesController#new as HTML
  Rendering articles/new.html.erb within layouts/application
  Rendered articles/new.html.erb within layouts/application (Duration: 23.4ms | Allocations: 7708)
[Webpacker] Everything's up-to-date. Nothing to do
Completed 200 OK in 31ms (Views: 30.1ms | ActiveRecord: 0.0ms | Allocations: 12467)


Started POST "/articles/new" for ::1 at 2020-09-07 18:01:19 -0500
  
ActionController::RoutingError (No route matches [POST] "/articles/new"):
  
actionpack (6.0.3.2) lib/action_dispatch/middleware/debug_exceptions.rb:36:in `call'
web-console (4.0.4) lib/web_console/middleware.rb:132:in `call_app'
web-console (4.0.4) lib/web_console/middleware.rb:28:in `block in call'
web-console (4.0.4) lib/web_console/middleware.rb:17:in `catch'
web-console (4.0.4) lib/web_console/middleware.rb:17:in `call'
actionpack (6.0.3.2) lib/action_dispatch/middleware/show_exceptions.rb:33:in `call'
railties (6.0.3.2) lib/rails/rack/logger.rb:37:in `call_app'
railties (6.0.3.2) lib/rails/rack/logger.rb:26:in `block in call'
activesupport (6.0.3.2) lib/active_support/tagged_logging.rb:80:in `block in tagged'
activesupport (6.0.3.2) lib/active_support/tagged_logging.rb:28:in `tagged'
activesupport (6.0.3.2) lib/active_support/tagged_logging.rb:80:in `tagged'
railties (6.0.3.2) lib/rails/rack/logger.rb:26:in `call'
sprockets-rails (3.2.1) lib/sprockets/rails/quiet_assets.rb:13:in `call'
actionpack (6.0.3.2) lib/action_dispatch/middleware/remote_ip.rb:81:in `call'
actionpack (6.0.3.2) lib/action_dispatch/middleware/request_id.rb:27:in `call'
rack (2.2.3) lib/rack/method_override.rb:24:in `call'
rack (2.2.3) lib/rack/runtime.rb:22:in `call'
activesupport (6.0.3.2) lib/active_support/cache/strategy/local_cache_middleware.rb:29:in `call'
actionpack (6.0.3.2) lib/action_dispatch/middleware/executor.rb:14:in `call'
actionpack (6.0.3.2) lib/action_dispatch/middleware/static.rb:126:in `call'
rack (2.2.3) lib/rack/sendfile.rb:110:in `call'
actionpack (6.0.3.2) lib/action_dispatch/middleware/host_authorization.rb:82:in `call'
webpacker (4.3.0) lib/webpacker/dev_server_proxy.rb:23:in `perform_request'
rack-proxy (0.6.5) lib/rack/proxy.rb:57:in `call'
railties (6.0.3.2) lib/rails/engine.rb:527:in `call'
puma (4.3.6) lib/puma/configuration.rb:228:in `call'
puma (4.3.6) lib/puma/server.rb:713:in `handle_request'
puma (4.3.6) lib/puma/server.rb:472:in `process_client'
puma (4.3.6) lib/puma/server.rb:328:in `block in run'
puma (4.3.6) lib/puma/thread_pool.rb:134:in `block in spawn_thread'
Started GET "/" for ::1 at 2020-09-07 18:03:53 -0500
Processing by WelcomeController#index as HTML
  Rendering welcome/index.html.erb within layouts/application
  Rendered welcome/index.html.erb within layouts/application (Duration: 0.3ms | Allocations: 88)
[Webpacker] Everything's up-to-date. Nothing to do
Completed 200 OK in 18ms (Views: 17.5ms | ActiveRecord: 0.0ms | Allocations: 4941)


Started GET "/articles/new" for ::1 at 2020-09-07 18:03:57 -0500
Processing by ArticlesController#new as HTML
  Rendering articles/new.html.erb within layouts/application
  Rendered articles/new.html.erb within layouts/application (Duration: 1.2ms | Allocations: 707)
[Webpacker] Everything's up-to-date. Nothing to do
Completed 200 OK in 8ms (Views: 7.3ms | ActiveRecord: 0.0ms | Allocations: 5202)


Started POST "/articles" for ::1 at 2020-09-07 18:03:59 -0500
  
AbstractController::ActionNotFound (The action 'create' could not be found for ArticlesController):
  
actionpack (6.0.3.2) lib/abstract_controller/base.rb:131:in `process'
actionview (6.0.3.2) lib/action_view/rendering.rb:39:in `process'
actionpack (6.0.3.2) lib/action_controller/metal.rb:190:in `dispatch'
actionpack (6.0.3.2) lib/action_controller/metal.rb:254:in `dispatch'
actionpack (6.0.3.2) lib/action_dispatch/routing/route_set.rb:50:in `dispatch'
actionpack (6.0.3.2) lib/action_dispatch/routing/route_set.rb:33:in `serve'
actionpack (6.0.3.2) lib/action_dispatch/journey/router.rb:49:in `block in serve'
actionpack (6.0.3.2) lib/action_dispatch/journey/router.rb:32:in `each'
actionpack (6.0.3.2) lib/action_dispatch/journey/router.rb:32:in `serve'
actionpack (6.0.3.2) lib/action_dispatch/routing/route_set.rb:834:in `call'
rack (2.2.3) lib/rack/tempfile_reaper.rb:15:in `call'
rack (2.2.3) lib/rack/etag.rb:27:in `call'
rack (2.2.3) lib/rack/conditional_get.rb:40:in `call'
rack (2.2.3) lib/rack/head.rb:12:in `call'
actionpack (6.0.3.2) lib/action_dispatch/http/content_security_policy.rb:18:in `call'
rack (2.2.3) lib/rack/session/abstract/id.rb:266:in `context'
rack (2.2.3) lib/rack/session/abstract/id.rb:260:in `call'
actionpack (6.0.3.2) lib/action_dispatch/middleware/cookies.rb:648:in `call'
activerecord (6.0.3.2) lib/active_record/migration.rb:567:in `call'
actionpack (6.0.3.2) lib/action_dispatch/middleware/callbacks.rb:27:in `block in call'
activesupport (6.0.3.2) lib/active_support/callbacks.rb:101:in `run_callbacks'
actionpack (6.0.3.2) lib/action_dispatch/middleware/callbacks.rb:26:in `call'
actionpack (6.0.3.2) lib/action_dispatch/middleware/executor.rb:14:in `call'
actionpack (6.0.3.2) lib/action_dispatch/middleware/actionable_exceptions.rb:17:in `call'
actionpack (6.0.3.2) lib/action_dispatch/middleware/debug_exceptions.rb:32:in `call'
web-console (4.0.4) lib/web_console/middleware.rb:132:in `call_app'
web-console (4.0.4) lib/web_console/middleware.rb:28:in `block in call'
web-console (4.0.4) lib/web_console/middleware.rb:17:in `catch'
web-console (4.0.4) lib/web_console/middleware.rb:17:in `call'
actionpack (6.0.3.2) lib/action_dispatch/middleware/show_exceptions.rb:33:in `call'
railties (6.0.3.2) lib/rails/rack/logger.rb:37:in `call_app'
railties (6.0.3.2) lib/rails/rack/logger.rb:26:in `block in call'
activesupport (6.0.3.2) lib/active_support/tagged_logging.rb:80:in `block in tagged'
activesupport (6.0.3.2) lib/active_support/tagged_logging.rb:28:in `tagged'
activesupport (6.0.3.2) lib/active_support/tagged_logging.rb:80:in `tagged'
railties (6.0.3.2) lib/rails/rack/logger.rb:26:in `call'
sprockets-rails (3.2.1) lib/sprockets/rails/quiet_assets.rb:13:in `call'
actionpack (6.0.3.2) lib/action_dispatch/middleware/remote_ip.rb:81:in `call'
actionpack (6.0.3.2) lib/action_dispatch/middleware/request_id.rb:27:in `call'
rack (2.2.3) lib/rack/method_override.rb:24:in `call'
rack (2.2.3) lib/rack/runtime.rb:22:in `call'
activesupport (6.0.3.2) lib/active_support/cache/strategy/local_cache_middleware.rb:29:in `call'
actionpack (6.0.3.2) lib/action_dispatch/middleware/executor.rb:14:in `call'
actionpack (6.0.3.2) lib/action_dispatch/middleware/static.rb:126:in `call'
rack (2.2.3) lib/rack/sendfile.rb:110:in `call'
actionpack (6.0.3.2) lib/action_dispatch/middleware/host_authorization.rb:82:in `call'
webpacker (4.3.0) lib/webpacker/dev_server_proxy.rb:23:in `perform_request'
rack-proxy (0.6.5) lib/rack/proxy.rb:57:in `call'
railties (6.0.3.2) lib/rails/engine.rb:527:in `call'
puma (4.3.6) lib/puma/configuration.rb:228:in `call'
puma (4.3.6) lib/puma/server.rb:713:in `handle_request'
puma (4.3.6) lib/puma/server.rb:472:in `process_client'
puma (4.3.6) lib/puma/server.rb:328:in `block in run'
puma (4.3.6) lib/puma/thread_pool.rb:134:in `block in spawn_thread'
Started POST "/articles" for ::1 at 2020-09-07 18:04:07 -0500
  
AbstractController::ActionNotFound (The action 'create' could not be found for ArticlesController):
  
actionpack (6.0.3.2) lib/abstract_controller/base.rb:131:in `process'
actionview (6.0.3.2) lib/action_view/rendering.rb:39:in `process'
actionpack (6.0.3.2) lib/action_controller/metal.rb:190:in `dispatch'
actionpack (6.0.3.2) lib/action_controller/metal.rb:254:in `dispatch'
actionpack (6.0.3.2) lib/action_dispatch/routing/route_set.rb:50:in `dispatch'
actionpack (6.0.3.2) lib/action_dispatch/routing/route_set.rb:33:in `serve'
actionpack (6.0.3.2) lib/action_dispatch/journey/router.rb:49:in `block in serve'
actionpack (6.0.3.2) lib/action_dispatch/journey/router.rb:32:in `each'
actionpack (6.0.3.2) lib/action_dispatch/journey/router.rb:32:in `serve'
actionpack (6.0.3.2) lib/action_dispatch/routing/route_set.rb:834:in `call'
rack (2.2.3) lib/rack/tempfile_reaper.rb:15:in `call'
rack (2.2.3) lib/rack/etag.rb:27:in `call'
rack (2.2.3) lib/rack/conditional_get.rb:40:in `call'
rack (2.2.3) lib/rack/head.rb:12:in `call'
actionpack (6.0.3.2) lib/action_dispatch/http/content_security_policy.rb:18:in `call'
rack (2.2.3) lib/rack/session/abstract/id.rb:266:in `context'
rack (2.2.3) lib/rack/session/abstract/id.rb:260:in `call'
actionpack (6.0.3.2) lib/action_dispatch/middleware/cookies.rb:648:in `call'
activerecord (6.0.3.2) lib/active_record/migration.rb:567:in `call'
actionpack (6.0.3.2) lib/action_dispatch/middleware/callbacks.rb:27:in `block in call'
activesupport (6.0.3.2) lib/active_support/callbacks.rb:101:in `run_callbacks'
actionpack (6.0.3.2) lib/action_dispatch/middleware/callbacks.rb:26:in `call'
actionpack (6.0.3.2) lib/action_dispatch/middleware/executor.rb:14:in `call'
actionpack (6.0.3.2) lib/action_dispatch/middleware/actionable_exceptions.rb:17:in `call'
actionpack (6.0.3.2) lib/action_dispatch/middleware/debug_exceptions.rb:32:in `call'
web-console (4.0.4) lib/web_console/middleware.rb:132:in `call_app'
web-console (4.0.4) lib/web_console/middleware.rb:28:in `block in call'
web-console (4.0.4) lib/web_console/middleware.rb:17:in `catch'
web-console (4.0.4) lib/web_console/middleware.rb:17:in `call'
actionpack (6.0.3.2) lib/action_dispatch/middleware/show_exceptions.rb:33:in `call'
railties (6.0.3.2) lib/rails/rack/logger.rb:37:in `call_app'
railties (6.0.3.2) lib/rails/rack/logger.rb:26:in `block in call'
activesupport (6.0.3.2) lib/active_support/tagged_logging.rb:80:in `block in tagged'
activesupport (6.0.3.2) lib/active_support/tagged_logging.rb:28:in `tagged'
activesupport (6.0.3.2) lib/active_support/tagged_logging.rb:80:in `tagged'
railties (6.0.3.2) lib/rails/rack/logger.rb:26:in `call'
sprockets-rails (3.2.1) lib/sprockets/rails/quiet_assets.rb:13:in `call'
actionpack (6.0.3.2) lib/action_dispatch/middleware/remote_ip.rb:81:in `call'
actionpack (6.0.3.2) lib/action_dispatch/middleware/request_id.rb:27:in `call'
rack (2.2.3) lib/rack/method_override.rb:24:in `call'
rack (2.2.3) lib/rack/runtime.rb:22:in `call'
activesupport (6.0.3.2) lib/active_support/cache/strategy/local_cache_middleware.rb:29:in `call'
actionpack (6.0.3.2) lib/action_dispatch/middleware/executor.rb:14:in `call'
actionpack (6.0.3.2) lib/action_dispatch/middleware/static.rb:126:in `call'
rack (2.2.3) lib/rack/sendfile.rb:110:in `call'
actionpack (6.0.3.2) lib/action_dispatch/middleware/host_authorization.rb:82:in `call'
webpacker (4.3.0) lib/webpacker/dev_server_proxy.rb:23:in `perform_request'
rack-proxy (0.6.5) lib/rack/proxy.rb:57:in `call'
railties (6.0.3.2) lib/rails/engine.rb:527:in `call'
puma (4.3.6) lib/puma/configuration.rb:228:in `call'
puma (4.3.6) lib/puma/server.rb:713:in `handle_request'
puma (4.3.6) lib/puma/server.rb:472:in `process_client'
puma (4.3.6) lib/puma/server.rb:328:in `block in run'
puma (4.3.6) lib/puma/thread_pool.rb:134:in `block in spawn_thread'
Started GET "/articles/new" for ::1 at 2020-09-07 18:06:53 -0500
  [1m[35m (0.1ms)[0m  [1m[34mSELECT sqlite_version(*)[0m
Processing by ArticlesController#new as HTML
  Rendering articles/new.html.erb within layouts/application
  Rendered articles/new.html.erb within layouts/application (Duration: 0.8ms | Allocations: 500)
[Webpacker] Everything's up-to-date. Nothing to do
Completed 200 OK in 6ms (Views: 5.6ms | ActiveRecord: 0.0ms | Allocations: 4539)


Started POST "/articles" for ::1 at 2020-09-07 18:07:06 -0500
Processing by ArticlesController#create as HTML
  Parameters: {"authenticity_token"=>"d23/p1ELPnCp0S3RQfME3+6bzqs/VWXAgFiUiY10uaoD2RoGuPGzOfnSlcA+M0zAjLCB/Oi0kSPR0eMEpSNgDw==", "article"=>{"title"=>"First", "text"=>"This is my first article."}, "commit"=>"Save Article"}
  Rendering text template
  Rendered text template (Duration: 0.0ms | Allocations: 1)
Completed 200 OK in 2ms (Views: 1.5ms | ActiveRecord: 0.0ms | Allocations: 652)


  [1m[35m (0.7ms)[0m  [1m[34mSELECT sqlite_version(*)[0m
  [1m[35m (1.1ms)[0m  [1m[35mCREATE TABLE "schema_migrations" ("version" varchar NOT NULL PRIMARY KEY)[0m
  [1m[35m (0.9ms)[0m  [1m[35mCREATE TABLE "ar_internal_metadata" ("key" varchar NOT NULL PRIMARY KEY, "value" varchar, "created_at" datetime(6) NOT NULL, "updated_at" datetime(6) NOT NULL)[0m
  [1m[35m (0.1ms)[0m  [1m[34mSELECT "schema_migrations"."version" FROM "schema_migrations" ORDER BY "schema_migrations"."version" ASC[0m
Migrating to CreateArticles (20200907230821)
  [1m[35m (0.0ms)[0m  [1m[36mbegin transaction[0m
  [1m[35m (0.3ms)[0m  [1m[35mCREATE TABLE "articles" ("id" integer PRIMARY KEY AUTOINCREMENT NOT NULL, "title" varchar, "text" text, "created_at" datetime(6) NOT NULL, "updated_at" datetime(6) NOT NULL)[0m
  [1m[36mprimary::SchemaMigration Create (0.1ms)[0m  [1m[32mINSERT INTO "schema_migrations" ("version") VALUES (?)[0m  [["version", "20200907230821"]]
  [1m[35m (0.6ms)[0m  [1m[36mcommit transaction[0m
  [1m[36mActiveRecord::InternalMetadata Load (0.1ms)[0m  [1m[34mSELECT "ar_internal_metadata".* FROM "ar_internal_metadata" WHERE "ar_internal_metadata"."key" = ? LIMIT ?[0m  [["key", "environment"], ["LIMIT", 1]]
  [1m[35m (0.0ms)[0m  [1m[36mbegin transaction[0m
  [1m[36mActiveRecord::InternalMetadata Create (0.2ms)[0m  [1m[32mINSERT INTO "ar_internal_metadata" ("key", "value", "created_at", "updated_at") VALUES (?, ?, ?, ?)[0m  [["key", "environment"], ["value", "development"], ["created_at", "2020-09-07 23:10:40.943562"], ["updated_at", "2020-09-07 23:10:40.943562"]]
  [1m[35m (0.6ms)[0m  [1m[36mcommit transaction[0m
  [1m[35m (0.0ms)[0m  [1m[34mSELECT sqlite_version(*)[0m
  [1m[35m (0.1ms)[0m  [1m[34mSELECT "schema_migrations"."version" FROM "schema_migrations" ORDER BY "schema_migrations"."version" ASC[0m
Started GET "/articles/new" for ::1 at 2020-09-07 18:18:00 -0500
  [1m[35m (0.3ms)[0m  [1m[34mSELECT sqlite_version(*)[0m
  [1m[35m (0.1ms)[0m  [1m[34mSELECT "schema_migrations"."version" FROM "schema_migrations" ORDER BY "schema_migrations"."version" ASC[0m
Processing by ArticlesController#new as HTML
  Rendering articles/new.html.erb within layouts/application
  Rendered articles/new.html.erb within layouts/application (Duration: 7.3ms | Allocations: 2383)
[Webpacker] Everything's up-to-date. Nothing to do
Completed 200 OK in 31ms (Views: 25.6ms | ActiveRecord: 0.0ms | Allocations: 10654)


Started GET "/articles/new" for ::1 at 2020-09-07 18:18:01 -0500
Processing by ArticlesController#new as HTML
  Rendering articles/new.html.erb within layouts/application
  Rendered articles/new.html.erb within layouts/application (Duration: 1.1ms | Allocations: 498)
[Webpacker] Everything's up-to-date. Nothing to do
Completed 200 OK in 8ms (Views: 6.9ms | ActiveRecord: 0.0ms | Allocations: 4424)


Started POST "/articles" for ::1 at 2020-09-07 18:18:11 -0500
Processing by ArticlesController#create as HTML
  Parameters: {"authenticity_token"=>"M0r9nTrnUv9pH1y0cKYHzCBSogxP+FcluQqZQEnTWNNH/hg80x3ftjkc5KUPZk/TQnntW5gZo8bog+7NYYSBdg==", "article"=>{"title"=>"This is awesome.", "text"=>"It really is!"}, "commit"=>"Save Article"}
  [1m[35m (0.1ms)[0m  [1m[36mbegin transaction[0m
  ↳ app/controllers/articles_controller.rb:12:in `create'
  [1m[36mArticle Create (0.5ms)[0m  [1m[32mINSERT INTO "articles" ("title", "text", "created_at", "updated_at") VALUES (?, ?, ?, ?)[0m  [["title", "This is awesome."], ["text", "It really is!"], ["created_at", "2020-09-07 23:18:11.980793"], ["updated_at", "2020-09-07 23:18:11.980793"]]
  ↳ app/controllers/articles_controller.rb:12:in `create'
  [1m[35m (0.5ms)[0m  [1m[36mcommit transaction[0m
  ↳ app/controllers/articles_controller.rb:12:in `create'
Redirected to http://localhost:3000/articles/1
Completed 302 Found in 13ms (ActiveRecord: 1.7ms | Allocations: 7027)


Started GET "/articles/1" for ::1 at 2020-09-07 18:18:11 -0500
Processing by ArticlesController#show as HTML
  Parameters: {"id"=>"1"}
  [1m[36mArticle Load (0.2ms)[0m  [1m[34mSELECT "articles".* FROM "articles" WHERE "articles"."id" = ? LIMIT ?[0m  [["id", 1], ["LIMIT", 1]]
  ↳ app/controllers/articles_controller.rb:3:in `show'
  Rendering articles/show.html.erb within layouts/application
  Rendered articles/show.html.erb within layouts/application (Duration: 0.4ms | Allocations: 139)
[Webpacker] Everything's up-to-date. Nothing to do
Completed 200 OK in 9ms (Views: 6.2ms | ActiveRecord: 0.2ms | Allocations: 5190)


Started GET "/articles" for ::1 at 2020-09-07 18:19:48 -0500
  [1m[35m (0.1ms)[0m  [1m[34mSELECT sqlite_version(*)[0m
Processing by ArticlesController#index as HTML
  Rendering articles/index.html.erb within layouts/application
  [1m[36mArticle Load (0.2ms)[0m  [1m[34mSELECT "articles".* FROM "articles"[0m
  ↳ app/views/articles/index.html.erb:11
  Rendered articles/index.html.erb within layouts/application (Duration: 6.2ms | Allocations: 4407)
[Webpacker] Everything's up-to-date. Nothing to do
Completed 200 OK in 14ms (Views: 11.4ms | ActiveRecord: 0.7ms | Allocations: 9585)


Started GET "/articles/1" for ::1 at 2020-09-07 18:19:53 -0500
Processing by ArticlesController#show as HTML
  Parameters: {"id"=>"1"}
  [1m[36mArticle Load (0.2ms)[0m  [1m[34mSELECT "articles".* FROM "articles" WHERE "articles"."id" = ? LIMIT ?[0m  [["id", 1], ["LIMIT", 1]]
  ↳ app/controllers/articles_controller.rb:7:in `show'
  Rendering articles/show.html.erb within layouts/application
  Rendered articles/show.html.erb within layouts/application (Duration: 0.3ms | Allocations: 136)
[Webpacker] Everything's up-to-date. Nothing to do
Completed 200 OK in 7ms (Views: 5.3ms | ActiveRecord: 0.2ms | Allocations: 4877)


Started GET "/articles/new" for ::1 at 2020-09-07 18:58:08 -0500
  [1m[35m (0.1ms)[0m  [1m[34mSELECT sqlite_version(*)[0m
Processing by ArticlesController#new as HTML
  Rendering articles/new.html.erb within layouts/application
  Rendered articles/new.html.erb within layouts/application (Duration: 2.6ms | Allocations: 1186)
[Webpacker] Everything's up-to-date. Nothing to do
Completed 200 OK in 31ms (Views: 15.0ms | ActiveRecord: 0.0ms | Allocations: 9663)


Started POST "/articles" for ::1 at 2020-09-07 18:58:11 -0500
Processing by ArticlesController#create as HTML
  Parameters: {"authenticity_token"=>"wgtmmyMCifKZ3gmxZScpWSzBBb2PkoXJDBjg+rPBxfq2v4M6yvgEu8ndsaAa52FGTupK6lhzcSpdkZd3m5YcXw==", "article"=>{"title"=>"", "text"=>""}, "commit"=>"Save Article"}
  Rendering articles/new.html.erb within layouts/application
  Rendered articles/new.html.erb within layouts/application (Duration: 1.6ms | Allocations: 987)
[Webpacker] Everything's up-to-date. Nothing to do
Completed 200 OK in 9ms (Views: 6.6ms | ActiveRecord: 0.0ms | Allocations: 6199)


Started POST "/articles" for ::1 at 2020-09-07 18:58:17 -0500
Processing by ArticlesController#create as HTML
  Parameters: {"authenticity_token"=>"jKnzfgFcMWuhqS22eTCv5N1Yfe96wu938KFtQNbTqwf4HRbf6Ka8IvGqlacG8Of7v3MyuK0jG5ShKBrN/oRyog==", "article"=>{"title"=>"", "text"=>"bloop"}, "commit"=>"Save Article"}
  Rendering articles/new.html.erb within layouts/application
  Rendered articles/new.html.erb within layouts/application (Duration: 1.4ms | Allocations: 970)
[Webpacker] Everything's up-to-date. Nothing to do
Completed 200 OK in 8ms (Views: 6.4ms | ActiveRecord: 0.0ms | Allocations: 6002)


Started GET "/articles" for ::1 at 2020-09-07 18:58:21 -0500
Processing by ArticlesController#index as HTML
  Rendering articles/index.html.erb within layouts/application
  [1m[36mArticle Load (0.9ms)[0m  [1m[34mSELECT "articles".* FROM "articles"[0m
  ↳ app/views/articles/index.html.erb:11
  Rendered articles/index.html.erb within layouts/application (Duration: 2.3ms | Allocations: 931)
[Webpacker] Everything's up-to-date. Nothing to do
Completed 200 OK in 8ms (Views: 6.5ms | ActiveRecord: 0.9ms | Allocations: 5051)


Started GET "/articles/1" for ::1 at 2020-09-07 18:58:26 -0500
Processing by ArticlesController#show as HTML
  Parameters: {"id"=>"1"}
  [1m[36mArticle Load (0.2ms)[0m  [1m[34mSELECT "articles".* FROM "articles" WHERE "articles"."id" = ? LIMIT ?[0m  [["id", 1], ["LIMIT", 1]]
  ↳ app/controllers/articles_controller.rb:7:in `show'
  Rendering articles/show.html.erb within layouts/application
  Rendered articles/show.html.erb within layouts/application (Duration: 0.4ms | Allocations: 191)
[Webpacker] Everything's up-to-date. Nothing to do
Completed 200 OK in 8ms (Views: 5.5ms | ActiveRecord: 0.2ms | Allocations: 4917)


Started GET "/articles" for ::1 at 2020-09-07 18:58:28 -0500
Processing by ArticlesController#index as HTML
  Rendering articles/index.html.erb within layouts/application
  [1m[36mArticle Load (0.1ms)[0m  [1m[34mSELECT "articles".* FROM "articles"[0m
  ↳ app/views/articles/index.html.erb:11
  Rendered articles/index.html.erb within layouts/application (Duration: 1.1ms | Allocations: 674)
[Webpacker] Everything's up-to-date. Nothing to do
Completed 200 OK in 7ms (Views: 6.1ms | ActiveRecord: 0.1ms | Allocations: 4610)


Started GET "/articles/new" for ::1 at 2020-09-07 18:58:28 -0500
Processing by ArticlesController#new as HTML
  Rendering articles/new.html.erb within layouts/application
  Rendered articles/new.html.erb within layouts/application (Duration: 1.1ms | Allocations: 689)
[Webpacker] Everything's up-to-date. Nothing to do
Completed 200 OK in 7ms (Views: 6.7ms | ActiveRecord: 0.0ms | Allocations: 4625)


Started POST "/articles" for ::1 at 2020-09-07 18:58:32 -0500
Processing by ArticlesController#create as HTML
  Parameters: {"authenticity_token"=>"ZAUDQMU/UBVjhUeFZziiaWOMVe7EpeLADb1igiHGTT2TvSeAi2k6drTgutxUGkMT747vREpuwwiuuERT0FUN5w==", "article"=>{"title"=>"bleep", "text"=>""}, "commit"=>"Save Article"}
  [1m[35m (0.1ms)[0m  [1m[36mbegin transaction[0m
  ↳ app/controllers/articles_controller.rb:17:in `create'
  [1m[36mArticle Create (0.6ms)[0m  [1m[32mINSERT INTO "articles" ("title", "text", "created_at", "updated_at") VALUES (?, ?, ?, ?)[0m  [["title", "bleep"], ["text", ""], ["created_at", "2020-09-07 23:58:32.383856"], ["updated_at", "2020-09-07 23:58:32.383856"]]
  ↳ app/controllers/articles_controller.rb:17:in `create'
  [1m[35m (0.6ms)[0m  [1m[36mcommit transaction[0m
  ↳ app/controllers/articles_controller.rb:17:in `create'
Redirected to http://localhost:3000/articles/2
Completed 302 Found in 5ms (ActiveRecord: 1.3ms | Allocations: 2701)


Started GET "/articles/2" for ::1 at 2020-09-07 18:58:32 -0500
Processing by ArticlesController#show as HTML
  Parameters: {"id"=>"2"}
  [1m[36mArticle Load (0.1ms)[0m  [1m[34mSELECT "articles".* FROM "articles" WHERE "articles"."id" = ? LIMIT ?[0m  [["id", 2], ["LIMIT", 1]]
  ↳ app/controllers/articles_controller.rb:7:in `show'
  Rendering articles/show.html.erb within layouts/application
  Rendered articles/show.html.erb within layouts/application (Duration: 0.1ms | Allocations: 42)
[Webpacker] Everything's up-to-date. Nothing to do
Completed 200 OK in 6ms (Views: 4.8ms | ActiveRecord: 0.1ms | Allocations: 4506)


Started GET "/articles" for ::1 at 2020-09-07 18:58:33 -0500
Processing by ArticlesController#index as HTML
  Rendering articles/index.html.erb within layouts/application
  [1m[36mArticle Load (0.1ms)[0m  [1m[34mSELECT "articles".* FROM "articles"[0m
  ↳ app/views/articles/index.html.erb:11
  Rendered articles/index.html.erb within layouts/application (Duration: 1.0ms | Allocations: 715)
[Webpacker] Everything's up-to-date. Nothing to do
Completed 200 OK in 7ms (Views: 5.9ms | ActiveRecord: 0.1ms | Allocations: 4649)


Started GET "/articles/new" for ::1 at 2020-09-07 18:58:35 -0500
Processing by ArticlesController#new as HTML
  Rendering articles/new.html.erb within layouts/application
  Rendered articles/new.html.erb within layouts/application (Duration: 1.1ms | Allocations: 689)
[Webpacker] Everything's up-to-date. Nothing to do
Completed 200 OK in 7ms (Views: 6.1ms | ActiveRecord: 0.0ms | Allocations: 4629)


Started POST "/articles" for ::1 at 2020-09-07 18:58:38 -0500
Processing by ArticlesController#create as HTML
  Parameters: {"authenticity_token"=>"L44ngUNfZk2Wflj2osU3Xm2UYboIvwlxGGSub/CYWwfYNgNBDQkMLkEbpa+R59Yk4ZbbEIZ0KLm7YYi+AQsb3Q==", "article"=>{"title"=>"", "text"=>"bloop"}, "commit"=>"Save Article"}
  Rendering articles/new.html.erb within layouts/application
  Rendered articles/new.html.erb within layouts/application (Duration: 11.6ms | Allocations: 970)
[Webpacker] Everything's up-to-date. Nothing to do
Completed 200 OK in 19ms (Views: 16.8ms | ActiveRecord: 0.0ms | Allocations: 6041)


Started POST "/articles" for ::1 at 2020-09-07 18:58:48 -0500
Processing by ArticlesController#create as HTML
  Parameters: {"authenticity_token"=>"tw4bPIgS1tA+KSjvR+7fZQAZfUyXN4lL+JgFfWNlYc3Duv6dYehbmW4qkP44Lpd6YjIyG0DWfaipEXLwSzK4aA==", "article"=>{"title"=>"blip", "text"=>"bloop"}, "commit"=>"Save Article"}
  Rendering articles/new.html.erb within layouts/application
  Rendered articles/new.html.erb within layouts/application (Duration: 1.2ms | Allocations: 836)
[Webpacker] Everything's up-to-date. Nothing to do
Completed 200 OK in 8ms (Views: 6.1ms | ActiveRecord: 0.0ms | Allocations: 5576)


Started POST "/articles" for ::1 at 2020-09-07 18:58:51 -0500
Processing by ArticlesController#create as HTML
  Parameters: {"authenticity_token"=>"qOM9A3jiyyYhFDCHtrkMVTvmhJba9AWq13OufrrgzIvcV9iikRhGb3EXiJbJeURKWc3LwQ0V8UmG+tnzkrcVLg==", "article"=>{"title"=>"blips", "text"=>"bloop"}, "commit"=>"Save Article"}
  [1m[35m (0.1ms)[0m  [1m[36mbegin transaction[0m
  ↳ app/controllers/articles_controller.rb:17:in `create'
  [1m[36mArticle Create (0.3ms)[0m  [1m[32mINSERT INTO "articles" ("title", "text", "created_at", "updated_at") VALUES (?, ?, ?, ?)[0m  [["title", "blips"], ["text", "bloop"], ["created_at", "2020-09-07 23:58:51.888667"], ["updated_at", "2020-09-07 23:58:51.888667"]]
  ↳ app/controllers/articles_controller.rb:17:in `create'
  [1m[35m (0.5ms)[0m  [1m[36mcommit transaction[0m
  ↳ app/controllers/articles_controller.rb:17:in `create'
Redirected to http://localhost:3000/articles/3
Completed 302 Found in 3ms (ActiveRecord: 0.9ms | Allocations: 2635)


Started GET "/articles/3" for ::1 at 2020-09-07 18:58:51 -0500
Processing by ArticlesController#show as HTML
  Parameters: {"id"=>"3"}
  [1m[36mArticle Load (0.1ms)[0m  [1m[34mSELECT "articles".* FROM "articles" WHERE "articles"."id" = ? LIMIT ?[0m  [["id", 3], ["LIMIT", 1]]
  ↳ app/controllers/articles_controller.rb:7:in `show'
  Rendering articles/show.html.erb within layouts/application
  Rendered articles/show.html.erb within layouts/application (Duration: 0.1ms | Allocations: 42)
[Webpacker] Everything's up-to-date. Nothing to do
Completed 200 OK in 5ms (Views: 4.0ms | ActiveRecord: 0.1ms | Allocations: 4511)


Started GET "/articles" for ::1 at 2020-09-07 18:58:53 -0500
Processing by ArticlesController#index as HTML
  Rendering articles/index.html.erb within layouts/application
  [1m[36mArticle Load (0.1ms)[0m  [1m[34mSELECT "articles".* FROM "articles"[0m
  ↳ app/views/articles/index.html.erb:11
  Rendered articles/index.html.erb within layouts/application (Duration: 1.2ms | Allocations: 758)
[Webpacker] Everything's up-to-date. Nothing to do
Completed 200 OK in 7ms (Views: 6.1ms | ActiveRecord: 0.1ms | Allocations: 4688)


Started GET "/" for ::1 at 2020-09-07 18:58:59 -0500
Processing by WelcomeController#index as HTML
  Rendering welcome/index.html.erb within layouts/application
  Rendered welcome/index.html.erb within layouts/application (Duration: 1.0ms | Allocations: 585)
[Webpacker] Everything's up-to-date. Nothing to do
Completed 200 OK in 7ms (Views: 6.5ms | ActiveRecord: 0.0ms | Allocations: 5031)


Started GET "/articles" for ::1 at 2020-09-07 18:59:00 -0500
Processing by ArticlesController#index as HTML
  Rendering articles/index.html.erb within layouts/application
  [1m[36mArticle Load (0.1ms)[0m  [1m[34mSELECT "articles".* FROM "articles"[0m
  ↳ app/views/articles/index.html.erb:11
  Rendered articles/index.html.erb within layouts/application (Duration: 1.0ms | Allocations: 764)
[Webpacker] Everything's up-to-date. Nothing to do
Completed 200 OK in 6ms (Views: 5.2ms | ActiveRecord: 0.1ms | Allocations: 4699)


Started GET "/" for ::1 at 2020-09-08 14:19:33 -0500
  [1m[35m (0.4ms)[0m  [1m[34mSELECT sqlite_version(*)[0m
  [1m[35m (0.1ms)[0m  [1m[34mSELECT "schema_migrations"."version" FROM "schema_migrations" ORDER BY "schema_migrations"."version" ASC[0m
Processing by WelcomeController#index as HTML
  Rendering welcome/index.html.erb within layouts/application
  Rendered welcome/index.html.erb within layouts/application (Duration: 1.0ms | Allocations: 721)
[Webpacker] Everything's up-to-date. Nothing to do
Completed 200 OK in 16ms (Views: 11.2ms | ActiveRecord: 0.0ms | Allocations: 8727)


Started GET "/articles" for ::1 at 2020-09-08 14:19:35 -0500
Processing by ArticlesController#index as HTML
  Rendering articles/index.html.erb within layouts/application
  [1m[36mArticle Load (0.2ms)[0m  [1m[34mSELECT "articles".* FROM "articles"[0m
  ↳ app/views/articles/index.html.erb:11
  Rendered articles/index.html.erb within layouts/application (Duration: 8.0ms | Allocations: 4783)
[Webpacker] Everything's up-to-date. Nothing to do
Completed 200 OK in 17ms (Views: 13.6ms | ActiveRecord: 0.8ms | Allocations: 9755)


Started GET "/articles/1/edit" for ::1 at 2020-09-08 14:19:39 -0500
Processing by ArticlesController#edit as HTML
  Parameters: {"id"=>"1"}
  [1m[36mArticle Load (0.2ms)[0m  [1m[34mSELECT "articles".* FROM "articles" WHERE "articles"."id" = ? LIMIT ?[0m  [["id", 1], ["LIMIT", 1]]
  ↳ app/controllers/articles_controller.rb:15:in `edit'
  Rendering articles/edit.html.erb within layouts/application
  Rendered articles/_form.html.erb (Duration: 5.7ms | Allocations: 2759)
  Rendered articles/edit.html.erb within layouts/application (Duration: 6.7ms | Allocations: 3114)
[Webpacker] Everything's up-to-date. Nothing to do
Completed 200 OK in 15ms (Views: 12.3ms | ActiveRecord: 0.2ms | Allocations: 8166)


Started PATCH "/articles/1" for ::1 at 2020-09-08 14:19:46 -0500
Processing by ArticlesController#update as HTML
  Parameters: {"authenticity_token"=>"VUFcVDMboCmL19LI6K/nRFrOxtmb7/VnyEYgaT61wEQjycQ+8ynpXRU51QsqH0g6lrTLx+uqPiYe329NuNSwAQ==", "article"=>{"title"=>"This is awesome.", "text"=>"It really is!!"}, "commit"=>"Update Article", "id"=>"1"}
  [1m[36mArticle Load (0.2ms)[0m  [1m[34mSELECT "articles".* FROM "articles" WHERE "articles"."id" = ? LIMIT ?[0m  [["id", 1], ["LIMIT", 1]]
  ↳ app/controllers/articles_controller.rb:29:in `update'
  [1m[35m (0.1ms)[0m  [1m[36mbegin transaction[0m
  ↳ app/controllers/articles_controller.rb:31:in `update'
  [1m[36mArticle Update (0.4ms)[0m  [1m[33mUPDATE "articles" SET "text" = ?, "updated_at" = ? WHERE "articles"."id" = ?[0m  [["text", "It really is!!"], ["updated_at", "2020-09-08 19:19:46.884643"], ["id", 1]]
  ↳ app/controllers/articles_controller.rb:31:in `update'
  [1m[35m (1.2ms)[0m  [1m[36mcommit transaction[0m
  ↳ app/controllers/articles_controller.rb:31:in `update'
Redirected to http://localhost:3000/articles/1
Completed 302 Found in 7ms (ActiveRecord: 1.9ms | Allocations: 3598)


Started GET "/articles/1" for ::1 at 2020-09-08 14:19:46 -0500
Processing by ArticlesController#show as HTML
  Parameters: {"id"=>"1"}
  [1m[36mArticle Load (0.1ms)[0m  [1m[34mSELECT "articles".* FROM "articles" WHERE "articles"."id" = ? LIMIT ?[0m  [["id", 1], ["LIMIT", 1]]
  ↳ app/controllers/articles_controller.rb:7:in `show'
  Rendering articles/show.html.erb within layouts/application
  Rendered articles/show.html.erb within layouts/application (Duration: 0.5ms | Allocations: 236)
[Webpacker] Everything's up-to-date. Nothing to do
Completed 200 OK in 7ms (Views: 5.5ms | ActiveRecord: 0.1ms | Allocations: 4849)


Started GET "/articles/1/edit" for ::1 at 2020-09-08 14:19:48 -0500
Processing by ArticlesController#edit as HTML
  Parameters: {"id"=>"1"}
  [1m[36mArticle Load (0.1ms)[0m  [1m[34mSELECT "articles".* FROM "articles" WHERE "articles"."id" = ? LIMIT ?[0m  [["id", 1], ["LIMIT", 1]]
  ↳ app/controllers/articles_controller.rb:15:in `edit'
  Rendering articles/edit.html.erb within layouts/application
  Rendered articles/_form.html.erb (Duration: 1.3ms | Allocations: 755)
  Rendered articles/edit.html.erb within layouts/application (Duration: 1.5ms | Allocations: 842)
[Webpacker] Everything's up-to-date. Nothing to do
Completed 200 OK in 24ms (Views: 22.2ms | ActiveRecord: 0.1ms | Allocations: 5326)


Started PATCH "/articles/1" for ::1 at 2020-09-08 14:19:51 -0500
Processing by ArticlesController#update as HTML
  Parameters: {"authenticity_token"=>"+7F4oJXAYxMsyAT6LxlgcdvQ1FDzkaRTWCpD6icS+6yNOeDKVfIqZ7ImAzntqc8PF6rZToPUbxKOswzOoXOL6Q==", "article"=>{"title"=>"This is awesome.", "text"=>"It really is!"}, "commit"=>"Update Article", "id"=>"1"}
  [1m[36mArticle Load (0.1ms)[0m  [1m[34mSELECT "articles".* FROM "articles" WHERE "articles"."id" = ? LIMIT ?[0m  [["id", 1], ["LIMIT", 1]]
  ↳ app/controllers/articles_controller.rb:29:in `update'
  [1m[35m (0.1ms)[0m  [1m[36mbegin transaction[0m
  ↳ app/controllers/articles_controller.rb:31:in `update'
  [1m[36mArticle Update (0.3ms)[0m  [1m[33mUPDATE "articles" SET "text" = ?, "updated_at" = ? WHERE "articles"."id" = ?[0m  [["text", "It really is!"], ["updated_at", "2020-09-08 19:19:51.173958"], ["id", 1]]
  ↳ app/controllers/articles_controller.rb:31:in `update'
  [1m[35m (0.7ms)[0m  [1m[36mcommit transaction[0m
  ↳ app/controllers/articles_controller.rb:31:in `update'
Redirected to http://localhost:3000/articles/1
Completed 302 Found in 5ms (ActiveRecord: 1.2ms | Allocations: 3317)


Started GET "/articles/1" for ::1 at 2020-09-08 14:19:51 -0500
Processing by ArticlesController#show as HTML
  Parameters: {"id"=>"1"}
  [1m[36mArticle Load (0.1ms)[0m  [1m[34mSELECT "articles".* FROM "articles" WHERE "articles"."id" = ? LIMIT ?[0m  [["id", 1], ["LIMIT", 1]]
  ↳ app/controllers/articles_controller.rb:7:in `show'
  Rendering articles/show.html.erb within layouts/application
  Rendered articles/show.html.erb within layouts/application (Duration: 0.2ms | Allocations: 68)
[Webpacker] Everything's up-to-date. Nothing to do
Completed 200 OK in 6ms (Views: 4.9ms | ActiveRecord: 0.1ms | Allocations: 4532)


Started GET "/articles" for ::1 at 2020-09-08 14:19:52 -0500
Processing by ArticlesController#index as HTML
  Rendering articles/index.html.erb within layouts/application
  [1m[36mArticle Load (0.1ms)[0m  [1m[34mSELECT "articles".* FROM "articles"[0m
  ↳ app/views/articles/index.html.erb:11
  Rendered articles/index.html.erb within layouts/application (Duration: 1.2ms | Allocations: 834)
[Webpacker] Everything's up-to-date. Nothing to do
Completed 200 OK in 7ms (Views: 6.6ms | ActiveRecord: 0.1ms | Allocations: 4770)


Started GET "/articles/new" for ::1 at 2020-09-08 14:20:02 -0500
Processing by ArticlesController#new as HTML
  Rendering articles/new.html.erb within layouts/application
  Rendered articles/_form.html.erb (Duration: 1.3ms | Allocations: 739)
  Rendered articles/new.html.erb within layouts/application (Duration: 1.8ms | Allocations: 951)
[Webpacker] Everything's up-to-date. Nothing to do
Completed 200 OK in 8ms (Views: 6.9ms | ActiveRecord: 0.0ms | Allocations: 5032)


Started GET "/articles" for ::1 at 2020-09-08 14:20:03 -0500
Processing by ArticlesController#index as HTML
  Rendering articles/index.html.erb within layouts/application
  [1m[36mArticle Load (0.1ms)[0m  [1m[34mSELECT "articles".* FROM "articles"[0m
  ↳ app/views/articles/index.html.erb:11
  Rendered articles/index.html.erb within layouts/application (Duration: 1.2ms | Allocations: 836)
[Webpacker] Everything's up-to-date. Nothing to do
Completed 200 OK in 7ms (Views: 6.8ms | ActiveRecord: 0.1ms | Allocations: 4778)


